# JRE version: OpenJDK Runtime Environment (17.0.7) (build 17.0.7+0-b2043.56-10550314)
# Java VM: OpenJDK 64-Bit Server VM (17.0.7+0-b2043.56-10550314, mixed mode, tiered, compressed oops, compressed class ptrs, g1 gc, windows-amd64)
GC Precious Log:
 CPUs: 4 total, 4 available
 Memory: 7975M
 Large Page Support: Disabled
 NUMA Support: Disabled
 Compressed Oops: Enabled (32-bit)
 Heap Region Size: 1M
 Heap Min Capacity: 8M
 Heap Initial Capacity: 126M
 Heap Max Capacity: 2G
 Pre-touch: Disabled
 Parallel Workers: 4
 Concurrent Workers: 1
 Concurrent Refinement Workers: 4
 Periodic GC: Disabled
Heap:
 garbage-first heap   total 333824K, used 126960K [0x0000000080000000, 0x0000000100000000)
  region size 1024K, 42 young (43008K), 1 survivors (1024K)
 Metaspace       used 61219K, committed 61824K, reserved 1114112K
  class space    used 8234K, committed 8512K, reserved 1048576K
GC Heap History (20 events):
Event: 9.053 GC heap before
{Heap before GC invocations=20 (full 0):
 garbage-first heap   total 101376K, used 61616K [0x0000000080000000, 0x0000000100000000)
  region size 1024K, 6 young (6144K), 2 survivors (2048K)
 Metaspace       used 42995K, committed 43392K, reserved 1114112K
  class space    used 5736K, committed 5952K, reserved 1048576K
}
Event: 9.056 GC heap after
{Heap after GC invocations=21 (full 0):
 garbage-first heap   total 101376K, used 59279K [0x0000000080000000, 0x0000000100000000)
  region size 1024K, 1 young (1024K), 1 survivors (1024K)
 Metaspace       used 42995K, committed 43392K, reserved 1114112K
  class space    used 5736K, committed 5952K, reserved 1048576K
}
Event: 9.796 GC heap before
{Heap before GC invocations=22 (full 0):
 garbage-first heap   total 106496K, used 82831K [0x0000000080000000, 0x0000000100000000)
  region size 1024K, 22 young (22528K), 1 survivors (1024K)
 Metaspace       used 46283K, committed 46720K, reserved 1114112K
  class space    used 6135K, committed 6336K, reserved 1048576K
}
Event: 9.799 GC heap after
{Heap after GC invocations=23 (full 0):
 garbage-first heap   total 106496K, used 58610K [0x0000000080000000, 0x0000000100000000)
  region size 1024K, 3 young (3072K), 3 survivors (3072K)
 Metaspace       used 46283K, committed 46720K, reserved 1114112K
  class space    used 6135K, committed 6336K, reserved 1048576K
}
Event: 10.326 GC heap before
{Heap before GC invocations=23 (full 0):
 garbage-first heap   total 106496K, used 80114K [0x0000000080000000, 0x0000000100000000)
  region size 1024K, 25 young (25600K), 3 survivors (3072K)
 Metaspace       used 48051K, committed 48576K, reserved 1114112K
  class space    used 6394K, committed 6592K, reserved 1048576K
}
Event: 10.331 GC heap after
{Heap after GC invocations=24 (full 0):
 garbage-first heap   total 106496K, used 60939K [0x0000000080000000, 0x0000000100000000)
  region size 1024K, 4 young (4096K), 4 survivors (4096K)
 Metaspace       used 48051K, committed 48576K, reserved 1114112K
  class space    used 6394K, committed 6592K, reserved 1048576K
}
Event: 11.127 GC heap before
{Heap before GC invocations=25 (full 0):
 garbage-first heap   total 112640K, used 89611K [0x0000000080000000, 0x0000000100000000)
  region size 1024K, 28 young (28672K), 4 survivors (4096K)
 Metaspace       used 50351K, committed 50880K, reserved 1114112K
  class space    used 6599K, committed 6848K, reserved 1048576K
}
Event: 11.136 GC heap after
{Heap after GC invocations=26 (full 0):
 garbage-first heap   total 112640K, used 67269K [0x0000000080000000, 0x0000000100000000)
  region size 1024K, 4 young (4096K), 4 survivors (4096K)
 Metaspace       used 50351K, committed 50880K, reserved 1114112K
  class space    used 6599K, committed 6848K, reserved 1048576K
}
Event: 11.137 GC heap before
{Heap before GC invocations=26 (full 0):
 garbage-first heap   total 112640K, used 68293K [0x0000000080000000, 0x0000000100000000)
  region size 1024K, 5 young (5120K), 4 survivors (4096K)
 Metaspace       used 50351K, committed 50880K, reserved 1114112K
  class space    used 6599K, committed 6848K, reserved 1048576K
}
Event: 11.143 GC heap after
{Heap after GC invocations=27 (full 0):
 garbage-first heap   total 112640K, used 67678K [0x0000000080000000, 0x0000000100000000)
  region size 1024K, 1 young (1024K), 1 survivors (1024K)
 Metaspace       used 50351K, committed 50880K, reserved 1114112K
  class space    used 6599K, committed 6848K, reserved 1048576K
}
Event: 11.502 GC heap before
{Heap before GC invocations=27 (full 0):
 garbage-first heap   total 112640K, used 92254K [0x0000000080000000, 0x0000000100000000)
  region size 1024K, 25 young (25600K), 1 survivors (1024K)
 Metaspace       used 52043K, committed 52544K, reserved 1114112K
  class space    used 6906K, committed 7104K, reserved 1048576K
}
Event: 11.506 GC heap after
{Heap after GC invocations=28 (full 0):
 garbage-first heap   total 112640K, used 69553K [0x0000000080000000, 0x0000000100000000)
  region size 1024K, 3 young (3072K), 3 survivors (3072K)
 Metaspace       used 52043K, committed 52544K, reserved 1114112K
  class space    used 6906K, committed 7104K, reserved 1048576K
}
Event: 12.026 GC heap before
{Heap before GC invocations=29 (full 0):
 garbage-first heap   total 124928K, used 91057K [0x0000000080000000, 0x0000000100000000)
  region size 1024K, 24 young (24576K), 3 survivors (3072K)
 Metaspace       used 54401K, committed 54976K, reserved 1114112K
  class space    used 7305K, committed 7552K, reserved 1048576K
}
Event: 12.030 GC heap after
{Heap after GC invocations=30 (full 0):
 garbage-first heap   total 124928K, used 70612K [0x0000000080000000, 0x0000000100000000)
  region size 1024K, 2 young (2048K), 2 survivors (2048K)
 Metaspace       used 54401K, committed 54976K, reserved 1114112K
  class space    used 7305K, committed 7552K, reserved 1048576K
}
Event: 12.586 GC heap before
{Heap before GC invocations=30 (full 0):
 garbage-first heap   total 124928K, used 100308K [0x0000000080000000, 0x0000000100000000)
  region size 1024K, 32 young (32768K), 2 survivors (2048K)
 Metaspace       used 56000K, committed 56576K, reserved 1114112K
  class space    used 7489K, committed 7744K, reserved 1048576K
}
Event: 12.592 GC heap after
{Heap after GC invocations=31 (full 0):
 garbage-first heap   total 124928K, used 75029K [0x0000000080000000, 0x0000000100000000)
  region size 1024K, 4 young (4096K), 4 survivors (4096K)
 Metaspace       used 56000K, committed 56576K, reserved 1114112K
  class space    used 7489K, committed 7744K, reserved 1048576K
}
Event: 12.918 GC heap before
{Heap before GC invocations=32 (full 0):
 garbage-first heap   total 135168K, used 99605K [0x0000000080000000, 0x0000000100000000)
  region size 1024K, 29 young (29696K), 4 survivors (4096K)
 Metaspace       used 58834K, committed 59456K, reserved 1114112K
  class space    used 7973K, committed 8256K, reserved 1048576K
}
Event: 12.925 GC heap after
{Heap after GC invocations=33 (full 0):
 garbage-first heap   total 135168K, used 76968K [0x0000000080000000, 0x0000000100000000)
  region size 1024K, 2 young (2048K), 2 survivors (2048K)
 Metaspace       used 58834K, committed 59456K, reserved 1114112K
  class space    used 7973K, committed 8256K, reserved 1048576K
}
Event: 12.977 GC heap before
{Heap before GC invocations=33 (full 0):
 garbage-first heap   total 135168K, used 81064K [0x0000000080000000, 0x0000000100000000)
  region size 1024K, 6 young (6144K), 2 survivors (2048K)
 Metaspace       used 58929K, committed 59584K, reserved 1114112K
  class space    used 7987K, committed 8256K, reserved 1048576K
}
Event: 12.981 GC heap after
{Heap after GC invocations=34 (full 0):
 garbage-first heap   total 333824K, used 76784K [0x0000000080000000, 0x0000000100000000)
  region size 1024K, 1 young (1024K), 1 survivors (1024K)
 Metaspace       used 58929K, committed 59584K, reserved 1114112K
  class space    used 7987K, committed 8256K, reserved 1048576K
}

