# JRE version: OpenJDK Runtime Environment (17.0.7) (build 17.0.7+0-b2043.56-10550314)
# Java VM: OpenJDK 64-Bit Server VM (17.0.7+0-b2043.56-10550314, mixed mode, tiered, compressed oops, compressed class ptrs, g1 gc, windows-amd64)
GC Precious Log:
 CPUs: 4 total, 4 available
 Memory: 7975M
 Large Page Support: Disabled
 NUMA Support: Disabled
 Compressed Oops: Enabled (32-bit)
 Heap Region Size: 1M
 Heap Min Capacity: 8M
 Heap Initial Capacity: 126M
 Heap Max Capacity: 2G
 Pre-touch: Disabled
 Parallel Workers: 4
 Concurrent Workers: 1
 Concurrent Refinement Workers: 4
 Periodic GC: Disabled
Heap:
 garbage-first heap   total 483328K, used 339584K [0x0000000080000000, 0x0000000100000000)
  region size 1024K, 7 young (7168K), 7 survivors (7168K)
 Metaspace       used 133734K, committed 134528K, reserved 1179648K
  class space    used 17863K, committed 18240K, reserved 1048576K
GC Heap History (20 events):
Event: 13.803 GC heap after
{Heap after GC invocations=44 (full 0):
 garbage-first heap   total 206848K, used 123262K [0x0000000080000000, 0x0000000100000000)
  region size 1024K, 5 young (5120K), 5 survivors (5120K)
 Metaspace       used 103470K, committed 104064K, reserved 1179648K
  class space    used 13922K, committed 14208K, reserved 1048576K
}
Event: 14.415 GC heap before
{Heap before GC invocations=45 (full 0):
 garbage-first heap   total 222208K, used 169342K [0x0000000080000000, 0x0000000100000000)
  region size 1024K, 49 young (50176K), 5 survivors (5120K)
 Metaspace       used 105136K, committed 105856K, reserved 1179648K
  class space    used 14182K, committed 14528K, reserved 1048576K
}
Event: 14.424 GC heap after
{Heap after GC invocations=46 (full 0):
 garbage-first heap   total 222208K, used 125708K [0x0000000080000000, 0x0000000100000000)
  region size 1024K, 3 young (3072K), 3 survivors (3072K)
 Metaspace       used 105136K, committed 105856K, reserved 1179648K
  class space    used 14182K, committed 14528K, reserved 1048576K
}
Event: 14.473 GC heap before
{Heap before GC invocations=46 (full 0):
 garbage-first heap   total 222208K, used 131852K [0x0000000080000000, 0x0000000100000000)
  region size 1024K, 10 young (10240K), 3 survivors (3072K)
 Metaspace       used 105401K, committed 106048K, reserved 1179648K
  class space    used 14206K, committed 14528K, reserved 1048576K
}
Event: 14.478 GC heap after
{Heap after GC invocations=47 (full 0):
 garbage-first heap   total 222208K, used 125252K [0x0000000080000000, 0x0000000100000000)
  region size 1024K, 1 young (1024K), 1 survivors (1024K)
 Metaspace       used 105401K, committed 106048K, reserved 1179648K
  class space    used 14206K, committed 14528K, reserved 1048576K
}
Event: 14.960 GC heap before
{Heap before GC invocations=47 (full 0):
 garbage-first heap   total 222208K, used 183620K [0x0000000080000000, 0x0000000100000000)
  region size 1024K, 57 young (58368K), 1 survivors (1024K)
 Metaspace       used 107529K, committed 108224K, reserved 1179648K
  class space    used 14390K, committed 14720K, reserved 1048576K
}
Event: 14.968 GC heap after
{Heap after GC invocations=48 (full 0):
 garbage-first heap   total 483328K, used 128731K [0x0000000080000000, 0x0000000100000000)
  region size 1024K, 5 young (5120K), 5 survivors (5120K)
 Metaspace       used 107529K, committed 108224K, reserved 1179648K
  class space    used 14390K, committed 14720K, reserved 1048576K
}
Event: 15.844 GC heap before
{Heap before GC invocations=48 (full 0):
 garbage-first heap   total 483328K, used 278235K [0x0000000080000000, 0x0000000100000000)
  region size 1024K, 97 young (99328K), 5 survivors (5120K)
 Metaspace       used 116985K, committed 117760K, reserved 1179648K
  class space    used 15564K, committed 15936K, reserved 1048576K
}
Event: 15.860 GC heap after
{Heap after GC invocations=49 (full 0):
 garbage-first heap   total 483328K, used 179262K [0x0000000080000000, 0x0000000100000000)
  region size 1024K, 19 young (19456K), 19 survivors (19456K)
 Metaspace       used 116985K, committed 117760K, reserved 1179648K
  class space    used 15564K, committed 15936K, reserved 1048576K
}
Event: 17.323 GC heap before
{Heap before GC invocations=49 (full 0):
 garbage-first heap   total 483328K, used 404542K [0x0000000080000000, 0x0000000100000000)
  region size 1024K, 200 young (204800K), 19 survivors (19456K)
 Metaspace       used 124082K, committed 124800K, reserved 1179648K
  class space    used 16497K, committed 16832K, reserved 1048576K
}
Event: 17.415 GC heap after
{Heap after GC invocations=50 (full 0):
 garbage-first heap   total 483328K, used 244244K [0x0000000080000000, 0x0000000100000000)
  region size 1024K, 28 young (28672K), 28 survivors (28672K)
 Metaspace       used 124082K, committed 124800K, reserved 1179648K
  class space    used 16497K, committed 16832K, reserved 1048576K
}
Event: 19.224 GC heap before
{Heap before GC invocations=51 (full 0):
 garbage-first heap   total 483328K, used 363028K [0x0000000080000000, 0x0000000100000000)
  region size 1024K, 144 young (147456K), 28 survivors (28672K)
 Metaspace       used 128375K, committed 129088K, reserved 1179648K
  class space    used 17119K, committed 17472K, reserved 1048576K
}
Event: 19.339 GC heap after
{Heap after GC invocations=52 (full 0):
 garbage-first heap   total 483328K, used 295936K [0x0000000080000000, 0x0000000100000000)
  region size 1024K, 18 young (18432K), 18 survivors (18432K)
 Metaspace       used 128375K, committed 129088K, reserved 1179648K
  class space    used 17119K, committed 17472K, reserved 1048576K
}
Event: 19.377 GC heap before
{Heap before GC invocations=52 (full 0):
 garbage-first heap   total 483328K, used 301056K [0x0000000080000000, 0x0000000100000000)
  region size 1024K, 23 young (23552K), 18 survivors (18432K)
 Metaspace       used 128380K, committed 129088K, reserved 1179648K
  class space    used 17119K, committed 17472K, reserved 1048576K
}
Event: 19.421 GC heap after
{Heap after GC invocations=53 (full 0):
 garbage-first heap   total 483328K, used 299008K [0x0000000080000000, 0x0000000100000000)
  region size 1024K, 3 young (3072K), 3 survivors (3072K)
 Metaspace       used 128380K, committed 129088K, reserved 1179648K
  class space    used 17119K, committed 17472K, reserved 1048576K
}
Event: 19.904 GC heap before
{Heap before GC invocations=53 (full 0):
 garbage-first heap   total 483328K, used 373760K [0x0000000080000000, 0x0000000100000000)
  region size 1024K, 76 young (77824K), 3 survivors (3072K)
 Metaspace       used 128804K, committed 129472K, reserved 1179648K
  class space    used 17201K, committed 17536K, reserved 1048576K
}
Event: 19.949 GC heap after
{Heap after GC invocations=54 (full 0):
 garbage-first heap   total 483328K, used 333312K [0x0000000080000000, 0x0000000100000000)
  region size 1024K, 10 young (10240K), 10 survivors (10240K)
 Metaspace       used 128804K, committed 129472K, reserved 1179648K
  class space    used 17201K, committed 17536K, reserved 1048576K
}
Event: 20.735 GC heap before
{Heap before GC invocations=54 (full 0):
 garbage-first heap   total 483328K, used 383488K [0x0000000080000000, 0x0000000100000000)
  region size 1024K, 60 young (61440K), 10 survivors (10240K)
 Metaspace       used 132436K, committed 133184K, reserved 1179648K
  class space    used 17688K, committed 18048K, reserved 1048576K
}
Event: 20.765 GC heap after
{Heap after GC invocations=55 (full 0):
 garbage-first heap   total 483328K, used 338048K [0x0000000080000000, 0x0000000100000000)
  region size 1024K, 4 young (4096K), 4 survivors (4096K)
 Metaspace       used 132436K, committed 133184K, reserved 1179648K
  class space    used 17688K, committed 18048K, reserved 1048576K
}
Event: 22.211 GC heap before
{Heap before GC invocations=55 (full 0):
 garbage-first heap   total 483328K, used 390272K [0x0000000080000000, 0x0000000100000000)
  region size 1024K, 56 young (57344K), 4 survivors (4096K)
 Metaspace       used 133734K, committed 134528K, reserved 1179648K
  class space    used 17863K, committed 18240K, reserved 1048576K
}

